[demo.vehica.com/index.html]
[demo.vehica.com/wp-content/plugins/litespeed-cache/assets/js/webfontloader.min.js]
[demo.vehica.com/wp-content/litespeed/css/f4db3320a8852ac16401ea26a33a0c554c85.css]
[demo.vehica.com/xmlrpc.php]
[backblue.gif]
[fade.gif]
[index.html]
[demo.vehica.com/index.html]
[demo.vehica.com/wp-content/plugins/litespeed-cache/assets/js/webfontloader.min.js]
[demo.vehica.com/wp-content/plugins/elementor/assets/lib/eicons/fonts/eicons1075.eot]
[demo.vehica.com/wp-content/plugins/elementor/assets/lib/eicons/fonts/eicons1075.woff2]
[demo.vehica.com/wp-content/plugins/elementor/assets/lib/eicons/fonts/eicons1075.woff]
[demo.vehica.com/wp-content/plugins/elementor/assets/lib/eicons/fonts/eicons1075.ttf]
[demo.vehica.com/wp-content/plugins/elementor/assets/lib/eicons/fonts/eicons1075.svg]
[demo.vehica.com/wp-content/uploads/2020/10/bg-1920-new.jpg]
[demo.vehica.com/wp-content/uploads/2020/10/bg-900.jpg]
[demo.vehica.com/wp-content/themes/vehica/assets/img/chevron-down.png]
[demo.vehica.com/404-page/index.html]
[demo.vehica.com/wp-content/themes/vehica/assets/img/user-placeholder.png]
[demo.vehica.com/wp-content/themes/vehica/assets/img/map-placeholder.jpg]
[demo.vehica.com/wp-content/themes/vehica/assets/img/background-team.png]
[demo.vehica.com/wp-content/themes/vehica/assets/img/dots.png]
[demo.vehica.com/wp-content/plugins/elementor/assets/lib/font-awesome/webfonts/fa-regular-400.eot]
[demo.vehica.com/wp-content/plugins/elementor/assets/lib/font-awesome/webfonts/fa-regular-400d41d.eot]
[demo.vehica.com/wp-content/plugins/elementor/assets/lib/font-awesome/webfonts/fa-regular-400.woff2]
[demo.vehica.com/wp-content/plugins/elementor/assets/lib/font-awesome/webfonts/fa-regular-400.woff]
[demo.vehica.com/wp-content/plugins/elementor/assets/lib/font-awesome/webfonts/fa-regular-400.ttf]
[demo.vehica.com/wp-content/plugins/elementor/assets/lib/font-awesome/webfonts/fa-regular-400.svg]
[demo.vehica.com/wp-content/plugins/elementor/assets/lib/font-awesome/webfonts/fa-solid-900.eot]
[demo.vehica.com/wp-content/plugins/elementor/assets/lib/font-awesome/webfonts/fa-solid-900d41d.eot]
[demo.vehica.com/wp-content/plugins/elementor/assets/lib/font-awesome/webfonts/fa-solid-900.woff2]
[demo.vehica.com/wp-content/plugins/elementor/assets/lib/font-awesome/webfonts/fa-solid-900.woff]
[demo.vehica.com/wp-content/plugins/elementor/assets/lib/font-awesome/webfonts/fa-solid-900.ttf]
[demo.vehica.com/wp-content/plugins/elementor/assets/lib/font-awesome/webfonts/fa-brands-400.eot]
[demo.vehica.com/wp-content/plugins/elementor/assets/lib/font-awesome/webfonts/fa-solid-900.svg]
[demo.vehica.com/wp-content/plugins/elementor/assets/lib/font-awesome/webfonts/fa-brands-400.woff2]
[demo.vehica.com/wp-content/plugins/elementor/assets/lib/font-awesome/webfonts/fa-brands-400d41d.eot]
[demo.vehica.com/wp-content/plugins/elementor/assets/lib/font-awesome/webfonts/fa-brands-400.woff]
[demo.vehica.com/wp-content/plugins/elementor/assets/lib/font-awesome/webfonts/fa-brands-400.ttf]
[demo.vehica.com/wp-content/litespeed/css/f4db3320a8852ac16401ea26a33a0c554c85.css]
[demo.vehica.com/xmlrpc.php]
[demo.vehica.com/wp-content/plugins/elementor/assets/lib/eicons/fonts/eicons1075.svg]
[demo.vehica.com/404-page/index.html]
[demo.vehica.com/wp-content/plugins/elementor/assets/lib/font-awesome/webfonts/fa-regular-400.svg]
[demo.vehica.com/wp-content/litespeed/css/64a874a8f71a638b847037298892b9434c85.css]
[demo.vehica.com/wp-content/plugins/elementor/assets/lib/font-awesome/webfonts/fa-solid-900.svg]
[demo.vehica.com/wp-content/plugins/elementor/assets/lib/font-awesome/webfonts/fa-brands-400.svg]
[demo.vehica.com/wp-content/plugins/elementor/assets/lib/font-awesome/webfonts/fa-brands-400.svg]
[demo.vehica.com/wp-content/litespeed/css/64a874a8f71a638b847037298892b9434c85.css]
